0 info it worked if it ends with ok
1 verbose cli [ '/usr/local/bin/node',
1 verbose cli   '/usr/local/bin/npm',
1 verbose cli   'install',
1 verbose cli   '-g',
1 verbose cli   'n' ]
2 info using npm@2.15.1
3 info using node@v4.4.4
4 verbose install initial load of /usr/local/lib/package.json
5 verbose readDependencies loading dependencies from /usr/local/lib/package.json
6 silly cache add args [ 'n', null ]
7 verbose cache add spec n
8 silly cache add parsed spec Result {
8 silly cache add   raw: 'n',
8 silly cache add   scope: null,
8 silly cache add   name: 'n',
8 silly cache add   rawSpec: '',
8 silly cache add   spec: 'latest',
8 silly cache add   type: 'tag' }
9 silly addNamed n@latest
10 verbose addNamed "latest" is being treated as a dist-tag for n
11 info addNameTag [ 'n', 'latest' ]
12 silly mapToRegistry name n
13 silly mapToRegistry using default registry
14 silly mapToRegistry registry https://registry.npmjs.org/
15 silly mapToRegistry data Result {
15 silly mapToRegistry   raw: 'n',
15 silly mapToRegistry   scope: null,
15 silly mapToRegistry   name: 'n',
15 silly mapToRegistry   rawSpec: '',
15 silly mapToRegistry   spec: 'latest',
15 silly mapToRegistry   type: 'tag' }
16 silly mapToRegistry uri https://registry.npmjs.org/n
17 verbose addNameTag registry:https://registry.npmjs.org/n not in flight; fetching
18 verbose request uri https://registry.npmjs.org/n
19 verbose request no auth needed
20 info attempt registry request try #1 at 3:16:47 PM
21 verbose request id 7a042618e4ab86b8
22 verbose etag "9R8ZTLKZYK5M6SM9YMH05PH3R"
23 http request GET https://registry.npmjs.org/n
24 http 304 https://registry.npmjs.org/n
25 verbose headers { date: 'Fri, 20 May 2016 20:16:48 GMT',
25 verbose headers   via: '1.1 varnish',
25 verbose headers   'cache-control': 'max-age=300',
25 verbose headers   etag: '"9R8ZTLKZYK5M6SM9YMH05PH3R"',
25 verbose headers   age: '114',
25 verbose headers   connection: 'keep-alive',
25 verbose headers   'x-served-by': 'cache-ord1745-ORD',
25 verbose headers   'x-cache': 'HIT',
25 verbose headers   'x-cache-hits': '2',
25 verbose headers   'x-timer': 'S1463775408.786105,VS0,VE0',
25 verbose headers   vary: 'Accept-Encoding' }
26 silly get cb [ 304,
26 silly get   { date: 'Fri, 20 May 2016 20:16:48 GMT',
26 silly get     via: '1.1 varnish',
26 silly get     'cache-control': 'max-age=300',
26 silly get     etag: '"9R8ZTLKZYK5M6SM9YMH05PH3R"',
26 silly get     age: '114',
26 silly get     connection: 'keep-alive',
26 silly get     'x-served-by': 'cache-ord1745-ORD',
26 silly get     'x-cache': 'HIT',
26 silly get     'x-cache-hits': '2',
26 silly get     'x-timer': 'S1463775408.786105,VS0,VE0',
26 silly get     vary: 'Accept-Encoding' } ]
27 verbose etag https://registry.npmjs.org/n from cache
28 verbose get saving n to /Users/brendon.kelley/.npm/registry.npmjs.org/n/.cache.json
29 verbose correctMkdir /Users/brendon.kelley/.npm correctMkdir not in flight; initializing
30 silly addNameTag next cb for n with tag latest
31 silly addNamed n@2.1.0
32 verbose addNamed "2.1.0" is a plain semver version for n
33 silly cache afterAdd n@2.1.0
34 verbose afterAdd /Users/brendon.kelley/.npm/n/2.1.0/package/package.json not in flight; writing
35 verbose correctMkdir /Users/brendon.kelley/.npm correctMkdir not in flight; initializing
36 verbose afterAdd /Users/brendon.kelley/.npm/n/2.1.0/package/package.json written
37 silly install resolved [ { name: 'n',
37 silly install resolved     description: 'Interactively Manage All Your Node Versions',
37 silly install resolved     version: '2.1.0',
37 silly install resolved     author: { name: 'TJ Holowaychuk', email: 'tj@vision-media.ca' },
37 silly install resolved     homepage: 'https://github.com/tj/n',
37 silly install resolved     bugs: { url: 'https://github.com/tj/n/issues' },
37 silly install resolved     contributors: [ [Object], [Object], [Object] ],
37 silly install resolved     keywords:
37 silly install resolved      [ 'nvm',
37 silly install resolved        'node',
37 silly install resolved        'version',
37 silly install resolved        'manager',
37 silly install resolved        'switcher',
37 silly install resolved        'node',
37 silly install resolved        'binary',
37 silly install resolved        'env' ],
37 silly install resolved     bin: { n: './bin/n' },
37 silly install resolved     repository: { type: 'git', url: 'git://github.com/tj/n.git' },
37 silly install resolved     preferGlobal: true,
37 silly install resolved     os: [ '!win32' ],
37 silly install resolved     engines: { node: '*' },
37 silly install resolved     license: 'MIT',
37 silly install resolved     gitHead: '17ef0bf936c9ddb57b174d79f81ae04d8257883e',
37 silly install resolved     _id: 'n@2.1.0',
37 silly install resolved     scripts: {},
37 silly install resolved     _shasum: '4fc736dc18291e464c79fda9ef8faf21e6e1a679',
37 silly install resolved     _from: 'n@latest',
37 silly install resolved     _npmVersion: '3.3.12',
37 silly install resolved     _nodeVersion: '5.3.0',
37 silly install resolved     _npmUser: { name: 'qw3rtman', email: 'me@nimit.io' },
37 silly install resolved     dist:
37 silly install resolved      { shasum: '4fc736dc18291e464c79fda9ef8faf21e6e1a679',
37 silly install resolved        tarball: 'https://registry.npmjs.org/n/-/n-2.1.0.tgz' },
37 silly install resolved     maintainers: [ [Object], [Object], [Object], [Object], [Object], [Object] ],
37 silly install resolved     directories: {},
37 silly install resolved     _resolved: 'https://registry.npmjs.org/n/-/n-2.1.0.tgz',
37 silly install resolved     readme: 'ERROR: No README data found!' } ]
38 info install n@2.1.0 into /usr/local/lib
39 info installOne n@2.1.0
40 verbose installOne of n to /usr/local/lib not in flight; installing
41 verbose correctMkdir /Users/brendon.kelley/.npm/_locks correctMkdir not in flight; initializing
42 verbose lock using /Users/brendon.kelley/.npm/_locks/n-a01478239d85533e.lock for /usr/local/lib/node_modules/n
43 silly install write writing n 2.1.0 to /usr/local/lib/node_modules/n
44 verbose unbuild lib/node_modules/n
45 info preuninstall n@2.1.0
46 info uninstall n@2.1.0
47 verbose unbuild rmStuff n@2.1.0 from /usr/local/lib/node_modules
48 silly gentlyRm /usr/local/bin/n is being gently removed
49 silly gentlyRm verifying /usr/local is an npm working directory
50 silly gentlyRm containing path /usr/local is under npm's control, in /usr/local
51 silly gentlyRm deletion target /usr/local/bin/n is under /usr/local
52 verbose gentlyRm vacuuming from /usr/local/bin/n up to /usr/local
53 silly vacuum-fs removing /usr/local/bin/n
54 verbose unlock done using /Users/brendon.kelley/.npm/_locks/n-a01478239d85533e.lock for /usr/local/lib/node_modules/n
55 verbose stack Error: EACCES: permission denied, unlink '/usr/local/bin/n'
55 verbose stack     at Error (native)
56 verbose cwd /Users/brendon.kelley/projects/bvleadfoot
57 error Darwin 15.4.0
58 error argv "/usr/local/bin/node" "/usr/local/bin/npm" "install" "-g" "n"
59 error node v4.4.4
60 error npm  v2.15.1
61 error path /usr/local/bin/n
62 error code EACCES
63 error errno -13
64 error syscall unlink
65 error Error: EACCES: permission denied, unlink '/usr/local/bin/n'
65 error     at Error (native)
65 error  { [Error: EACCES: permission denied, unlink '/usr/local/bin/n']
65 error   errno: -13,
65 error   code: 'EACCES',
65 error   syscall: 'unlink',
65 error   path: '/usr/local/bin/n' }
66 error Please try running this command again as root/Administrator.
67 verbose exit [ -13, true ]
68 verbose unbuild lib/node_modules/n
69 info preuninstall n@2.1.0
70 info uninstall n@2.1.0
71 verbose unbuild rmStuff n@2.1.0 from /usr/local/lib/node_modules
72 silly gentlyRm /usr/local/bin/n is being gently removed
73 silly gentlyRm verifying /usr/local is an npm working directory
74 silly gentlyRm containing path /usr/local is under npm's control, in /usr/local
75 silly gentlyRm deletion target /usr/local/bin/n is under /usr/local
76 verbose gentlyRm vacuuming from /usr/local/bin/n up to /usr/local
77 silly vacuum-fs removing /usr/local/bin/n
78 error error rolling back Error: EACCES: permission denied, unlink '/usr/local/bin/n'
78 error error rolling back     at Error (native)
78 error error rolling back  { [Error: EACCES: permission denied, unlink '/usr/local/bin/n']
78 error error rolling back   errno: -13,
78 error error rolling back   code: 'EACCES',
78 error error rolling back   syscall: 'unlink',
78 error error rolling back   path: '/usr/local/bin/n' }
